mode: set
github.com/Catzkorn/subscrypt/SubscriptionStore.go:27.75,29.16 2 1
github.com/Catzkorn/subscrypt/SubscriptionStore.go:33.2,34.16 2 1
github.com/Catzkorn/subscrypt/SubscriptionStore.go:38.2,38.46 1 1
github.com/Catzkorn/subscrypt/SubscriptionStore.go:29.16,31.3 1 0
github.com/Catzkorn/subscrypt/SubscriptionStore.go:34.16,36.3 1 1
github.com/Catzkorn/subscrypt/SubscriptionStore.go:42.81,44.16 2 1
github.com/Catzkorn/subscrypt/SubscriptionStore.go:48.2,48.12 1 1
github.com/Catzkorn/subscrypt/SubscriptionStore.go:44.16,46.3 1 0
github.com/Catzkorn/subscrypt/SubscriptionStore.go:53.72,55.16 2 1
github.com/Catzkorn/subscrypt/SubscriptionStore.go:59.2,61.18 2 1
github.com/Catzkorn/subscrypt/SubscriptionStore.go:76.2,76.27 1 1
github.com/Catzkorn/subscrypt/SubscriptionStore.go:55.16,57.3 1 0
github.com/Catzkorn/subscrypt/SubscriptionStore.go:61.18,66.66 5 1
github.com/Catzkorn/subscrypt/SubscriptionStore.go:69.3,74.5 1 1
github.com/Catzkorn/subscrypt/SubscriptionStore.go:66.66,68.4 1 0
